🔹 Loading data from file btc-usd-max.xls...
🔹 Loading data from file eth-usd-max.xls...
🔹 Loading data from file sol-usd-max.xls...
✅ Data successfully loaded for all 3 cryptocurrencies.

Select filtering mode:
1 - Alpha-Beta Filtering (ABF)
2 - Alpha-Beta-Gamma Filtering (ABGF)
Your choice: 2

🔹 Running mode: ABGF (Alpha-Beta-Gamma Filtering)


Select filter reset policy:
1 - Default recommended (ABF: 365 days, ABGF: 100 days)
2 - Custom (enter number of days manually)
Your choice: 1
🔹 Using recommended reset interval: 100 days


📊 Quality Metrics for ABGF Method:
Cryptocurrency  |     R² |        MAE |       RMSE
-----------------------------------------------
Bitcoin (Manual) | 0.7067 |  7747.0825 | 11717.4281
Bitcoin (FilterPy) | 0.3045 |  7313.2100 | 18044.8349
Ethereum (Manual) | 0.0586 |   519.2569 |   839.6421
Ethereum (FilterPy) | -0.9363 |   467.4434 |  1204.1525
Solana (Manual) | 0.6905 |    23.3821 |    38.8993
Solana (FilterPy) | 0.2565 |    21.2401 |    60.2934

Process finished with exit code 0
